{
  "0 debug pnpm:scope": {
    "selected": 1
  },
  "1 debug pnpm:package-manifest": {
    "initial": {
      "name": "@kaiyuanshe/ows",
      "version": "2.2.0-beta",
      "description": "React project scaffold based on TypeScript, Next.js & Bootstrap.",
      "private": true,
      "engines": {
        "node": ">=16"
      },
      "dependencies": {
        "@giscus/react": "^2.2.6",
        "classnames": "^2.3.2",
        "echarts-jsx": "^0.5.0",
        "file-type": "^18.2.0",
        "idea-react": "^0.27.11",
        "koajax": "^0.8.3",
        "leaflet": "^1.9.3",
        "leaflet.chinatmsproviders": "^3.0.6",
        "lodash": "^4.17.21",
        "marked": "^4.2.12",
        "mobx": "^5.15.7",
        "mobx-i18n": "^0.3.14",
        "mobx-lark": "1.0.0-beta.0",
        "mobx-react": "^6.3.1",
        "mobx-restful": "^0.6.0",
        "mobx-restful-table": "^0.6.1",
        "next": "^12.3.4",
        "next-pwa": "^5.6.0",
        "next-with-less": "^2.0.5",
        "qs": "^6.11.0",
        "react": "^17.0.2",
        "react-bootstrap": "^2.7.0",
        "react-dom": "^17.0.2",
        "react-editor-js": "^2.1.0",
        "react-leaflet": "^3.2.5",
        "web-utility": "^4.0.0",
        "webpack": "^5.75.0"
      },
      "devDependencies": {
        "@types/leaflet": "^1.9.0",
        "@types/lodash": "^4.14.191",
        "@types/marked": "^4.0.8",
        "@types/node": "^16.18.12",
        "@types/qs": "^6.9.7",
        "@types/react": "^17.0.53",
        "@types/react-dom": "^17.0.18",
        "eslint": "^8.33.0",
        "eslint-config-next": "^12.3.4",
        "husky": "^8.0.3",
        "less": "^4.1.3",
        "less-loader": "^11.1.0",
        "lint-staged": "^13.1.1",
        "prettier": "^2.8.4",
        "ts-node": "^10.9.1",
        "typescript": "~4.9.5"
      },
      "prettier": {
        "singleQuote": true,
        "trailingComma": "all",
        "arrowParens": "avoid"
      },
      "lint-staged": {
        "*.{html,md,less,json,yml,js,ts,tsx}": "prettier --write",
        "*.{js,jsx,ts,tsx}": "eslint --fix"
      },
      "scripts": {
        "prepare": "husky install",
        "dev": "next dev",
        "build": "next build",
        "start": "next start",
        "lint": "next lint",
        "test": "npm run lint  &&  lint-staged",
        "pack-image": "docker build -t kys-ows:latest .",
        "container": "docker rm -f kys-ows  &&  docker run --name kys-ows -p 3000:3000 -d kys-ows:latest"
      }
    },
    "prefix": "F:\\github\\kaiyuangshe\\test\\kaiyuanshe.github.io"
  },
  "2 warn pnpm:lockfile": {
    "message": "Your pnpm-lock.yaml was generated by a newer version of pnpm. It is a compatible version but it might get downgraded to version 5.3",
    "prefix": "F:\\github\\kaiyuangshe\\test\\kaiyuanshe.github.io"
  },
  "3 debug pnpm:context": {
    "currentLockfileExists": false,
    "storeDir": "F:\\.pnpm-store\\v3",
    "virtualStoreDir": "F:\\github\\kaiyuangshe\\test\\kaiyuanshe.github.io\\node_modules\\.pnpm"
  },
  "4 debug pnpm:stage": {
    "prefix": "F:\\github\\kaiyuangshe\\test\\kaiyuanshe.github.io",
    "stage": "resolution_started"
  },
  "5 debug pnpm:_dependency_resolved": {
    "resolution": "registry.npmjs.org/@types/leaflet/1.9.0",
    "wanted": {
      "dependentId": ".",
      "name": "@types/leaflet",
      "rawSpec": "^1.9.0"
    }
  },
  "6 debug pnpm:_dependency_resolved": {
    "resolution": "registry.npmjs.org/@types/lodash/4.14.191",
    "wanted": {
      "dependentId": ".",
      "name": "@types/lodash",
      "rawSpec": "^4.14.191"
    }
  },
  "7 debug pnpm:_dependency_resolved": {
    "resolution": "registry.npmjs.org/@types/marked/4.0.8",
    "wanted": {
      "dependentId": ".",
      "name": "@types/marked",
      "rawSpec": "^4.0.8"
    }
  },
  "8 debug pnpm:_dependency_resolved": {
    "resolution": "registry.npmjs.org/@types/node/16.18.12",
    "wanted": {
      "dependentId": ".",
      "name": "@types/node",
      "rawSpec": "^16.18.12"
    }
  },
  "9 debug pnpm:_dependency_resolved": {
    "resolution": "registry.npmjs.org/@types/qs/6.9.7",
    "wanted": {
      "dependentId": ".",
      "name": "@types/qs",
      "rawSpec": "^6.9.7"
    }
  },
  "10 debug pnpm:_dependency_resolved": {
    "resolution": "registry.npmjs.org/@types/react/17.0.53",
    "wanted": {
      "dependentId": ".",
      "name": "@types/react",
      "rawSpec": "^17.0.53"
    }
  },
  "11 debug pnpm:_dependency_resolved": {
    "resolution": "registry.npmjs.org/@types/react-dom/17.0.18",
    "wanted": {
      "dependentId": ".",
      "name": "@types/react-dom",
      "rawSpec": "^17.0.18"
    }
  },
  "12 debug pnpm:_dependency_resolved": {
    "resolution": "registry.npmjs.org/eslint/8.33.0",
    "wanted": {
      "dependentId": ".",
      "name": "eslint",
      "rawSpec": "^8.33.0"
    }
  },
  "13 debug pnpm:_dependency_resolved": {
    "resolution": "registry.npmjs.org/eslint-config-next/12.3.4",
    "wanted": {
      "dependentId": ".",
      "name": "eslint-config-next",
      "rawSpec": "^12.3.4"
    }
  },
  "14 debug pnpm:_dependency_resolved": {
    "resolution": "registry.npmjs.org/husky/8.0.3",
    "wanted": {
      "dependentId": ".",
      "name": "husky",
      "rawSpec": "^8.0.3"
    }
  },
  "15 debug pnpm:_dependency_resolved": {
    "resolution": "registry.npmjs.org/less/4.1.3",
    "wanted": {
      "dependentId": ".",
      "name": "less",
      "rawSpec": "^4.1.3"
    }
  },
  "16 debug pnpm:_dependency_resolved": {
    "resolution": "registry.npmjs.org/less-loader/11.1.0",
    "wanted": {
      "dependentId": ".",
      "name": "less-loader",
      "rawSpec": "^11.1.0"
    }
  },
  "17 debug pnpm:_dependency_resolved": {
    "resolution": "registry.npmjs.org/lint-staged/13.1.1",
    "wanted": {
      "dependentId": ".",
      "name": "lint-staged",
      "rawSpec": "^13.1.1"
    }
  },
  "18 debug pnpm:_dependency_resolved": {
    "resolution": "registry.npmjs.org/prettier/2.8.4",
    "wanted": {
      "dependentId": ".",
      "name": "prettier",
      "rawSpec": "^2.8.4"
    }
  },
  "19 debug pnpm:_dependency_resolved": {
    "resolution": "registry.npmjs.org/ts-node/10.9.1",
    "wanted": {
      "dependentId": ".",
      "name": "ts-node",
      "rawSpec": "^10.9.1"
    }
  },
  "20 debug pnpm:_dependency_resolved": {
    "resolution": "registry.npmjs.org/typescript/4.9.5",
    "wanted": {
      "dependentId": ".",
      "name": "typescript",
      "rawSpec": "~4.9.5"
    }
  },
  "21 debug pnpm:_dependency_resolved": {
    "resolution": "registry.npmjs.org/@giscus/react/2.2.6",
    "wanted": {
      "dependentId": ".",
      "name": "@giscus/react",
      "rawSpec": "^2.2.6"
    }
  },
  "22 debug pnpm:_dependency_resolved": {
    "resolution": "registry.npmjs.org/classnames/2.3.2",
    "wanted": {
      "dependentId": ".",
      "name": "classnames",
      "rawSpec": "^2.3.2"
    }
  },
  "23 debug pnpm:_dependency_resolved": {
    "resolution": "registry.npmjs.org/echarts-jsx/0.5.0",
    "wanted": {
      "dependentId": ".",
      "name": "echarts-jsx",
      "rawSpec": "^0.5.0"
    }
  },
  "24 debug pnpm:_dependency_resolved": {
    "resolution": "registry.npmjs.org/file-type/18.2.0",
    "wanted": {
      "dependentId": ".",
      "name": "file-type",
      "rawSpec": "^18.2.0"
    }
  },
  "25 debug pnpm:_dependency_resolved": {
    "resolution": "registry.npmjs.org/idea-react/0.27.11",
    "wanted": {
      "dependentId": ".",
      "name": "idea-react",
      "rawSpec": "^0.27.11"
    }
  },
  "26 debug pnpm:_dependency_resolved": {
    "resolution": "registry.npmjs.org/koajax/0.8.3",
    "wanted": {
      "dependentId": ".",
      "name": "koajax",
      "rawSpec": "^0.8.3"
    }
  },
  "27 debug pnpm:_dependency_resolved": {
    "resolution": "registry.npmjs.org/leaflet/1.9.3",
    "wanted": {
      "dependentId": ".",
      "name": "leaflet",
      "rawSpec": "^1.9.3"
    }
  },
  "28 debug pnpm:_dependency_resolved": {
    "resolution": "registry.npmjs.org/leaflet.chinatmsproviders/3.0.6",
    "wanted": {
      "dependentId": ".",
      "name": "leaflet.chinatmsproviders",
      "rawSpec": "^3.0.6"
    }
  },
  "29 debug pnpm:_dependency_resolved": {
    "resolution": "registry.npmjs.org/lodash/4.17.21",
    "wanted": {
      "dependentId": ".",
      "name": "lodash",
      "rawSpec": "^4.17.21"
    }
  },
  "30 debug pnpm:_dependency_resolved": {
    "resolution": "registry.npmjs.org/marked/4.2.12",
    "wanted": {
      "dependentId": ".",
      "name": "marked",
      "rawSpec": "^4.2.12"
    }
  },
  "31 debug pnpm:_dependency_resolved": {
    "resolution": "registry.npmjs.org/mobx/5.15.7",
    "wanted": {
      "dependentId": ".",
      "name": "mobx",
      "rawSpec": "^5.15.7"
    }
  },
  "32 debug pnpm:_dependency_resolved": {
    "resolution": "registry.npmjs.org/mobx-i18n/0.3.14",
    "wanted": {
      "dependentId": ".",
      "name": "mobx-i18n",
      "rawSpec": "^0.3.14"
    }
  },
  "33 debug pnpm:_dependency_resolved": {
    "resolution": "registry.npmjs.org/mobx-lark/1.0.0-beta.0",
    "wanted": {
      "dependentId": ".",
      "name": "mobx-lark",
      "rawSpec": "1.0.0-beta.0"
    }
  },
  "34 debug pnpm:_dependency_resolved": {
    "resolution": "registry.npmjs.org/mobx-react/6.3.1",
    "wanted": {
      "dependentId": ".",
      "name": "mobx-react",
      "rawSpec": "^6.3.1"
    }
  },
  "35 debug pnpm:_dependency_resolved": {
    "resolution": "registry.npmjs.org/mobx-restful/0.6.0",
    "wanted": {
      "dependentId": ".",
      "name": "mobx-restful",
      "rawSpec": "^0.6.0"
    }
  },
  "36 debug pnpm:_dependency_resolved": {
    "resolution": "registry.npmjs.org/mobx-restful-table/0.6.1",
    "wanted": {
      "dependentId": ".",
      "name": "mobx-restful-table",
      "rawSpec": "^0.6.1"
    }
  },
  "37 debug pnpm:_dependency_resolved": {
    "resolution": "registry.npmjs.org/next/12.3.4",
    "wanted": {
      "dependentId": ".",
      "name": "next",
      "rawSpec": "^12.3.4"
    }
  },
  "38 debug pnpm:_dependency_resolved": {
    "resolution": "registry.npmjs.org/next-pwa/5.6.0",
    "wanted": {
      "dependentId": ".",
      "name": "next-pwa",
      "rawSpec": "^5.6.0"
    }
  },
  "39 debug pnpm:_dependency_resolved": {
    "resolution": "registry.npmjs.org/next-with-less/2.0.5",
    "wanted": {
      "dependentId": ".",
      "name": "next-with-less",
      "rawSpec": "^2.0.5"
    }
  },
  "40 debug pnpm:_dependency_resolved": {
    "resolution": "registry.npmjs.org/qs/6.11.0",
    "wanted": {
      "dependentId": ".",
      "name": "qs",
      "rawSpec": "^6.11.0"
    }
  },
  "41 debug pnpm:_dependency_resolved": {
    "resolution": "registry.npmjs.org/react/17.0.2",
    "wanted": {
      "dependentId": ".",
      "name": "react",
      "rawSpec": "^17.0.2"
    }
  },
  "42 debug pnpm:_dependency_resolved": {
    "resolution": "registry.npmjs.org/react-bootstrap/2.7.0",
    "wanted": {
      "dependentId": ".",
      "name": "react-bootstrap",
      "rawSpec": "^2.7.0"
    }
  },
  "43 debug pnpm:_dependency_resolved": {
    "resolution": "registry.npmjs.org/react-dom/17.0.2",
    "wanted": {
      "dependentId": ".",
      "name": "react-dom",
      "rawSpec": "^17.0.2"
    }
  },
  "44 debug pnpm:_dependency_resolved": {
    "resolution": "registry.npmjs.org/react-editor-js/2.1.0",
    "wanted": {
      "dependentId": ".",
      "name": "react-editor-js",
      "rawSpec": "^2.1.0"
    }
  },
  "45 debug pnpm:_dependency_resolved": {
    "resolution": "registry.npmjs.org/react-leaflet/3.2.5",
    "wanted": {
      "dependentId": ".",
      "name": "react-leaflet",
      "rawSpec": "^3.2.5"
    }
  },
  "46 debug pnpm:_dependency_resolved": {
    "resolution": "registry.npmjs.org/web-utility/4.0.0",
    "wanted": {
      "dependentId": ".",
      "name": "web-utility",
      "rawSpec": "^4.0.0"
    }
  },
  "47 debug pnpm:_dependency_resolved": {
    "resolution": "registry.npmjs.org/webpack/5.75.0",
    "wanted": {
      "dependentId": ".",
      "name": "webpack",
      "rawSpec": "^5.75.0"
    }
  },
  "48 debug pnpm:progress": {
    "packageId": "registry.npmjs.org/@types/leaflet/1.9.0",
    "requester": "F:\\github\\kaiyuangshe\\test\\kaiyuanshe.github.io",
    "status": "resolved"
  },
  "49 debug pnpm:progress": {
    "packageId": "registry.npmjs.org/@types/leaflet/1.9.0",
    "requester": "F:\\github\\kaiyuangshe\\test\\kaiyuanshe.github.io",
    "status": "found_in_store"
  },
  "50 debug pnpm:progress": {
    "packageId": "registry.npmjs.org/@types/marked/4.0.8",
    "requester": "F:\\github\\kaiyuangshe\\test\\kaiyuanshe.github.io",
    "status": "resolved"
  },
  "51 debug pnpm:progress": {
    "packageId": "registry.npmjs.org/@types/marked/4.0.8",
    "requester": "F:\\github\\kaiyuangshe\\test\\kaiyuanshe.github.io",
    "status": "found_in_store"
  },
  "52 debug pnpm:progress": {
    "packageId": "registry.npmjs.org/@types/node/16.18.12",
    "requester": "F:\\github\\kaiyuangshe\\test\\kaiyuanshe.github.io",
    "status": "resolved"
  },
  "53 debug pnpm:progress": {
    "packageId": "registry.npmjs.org/@types/node/16.18.12",
    "requester": "F:\\github\\kaiyuangshe\\test\\kaiyuanshe.github.io",
    "status": "found_in_store"
  },
  "54 debug pnpm:progress": {
    "packageId": "registry.npmjs.org/@types/lodash/4.14.191",
    "requester": "F:\\github\\kaiyuangshe\\test\\kaiyuanshe.github.io",
    "status": "resolved"
  },
  "55 debug pnpm:progress": {
    "packageId": "registry.npmjs.org/@types/lodash/4.14.191",
    "requester": "F:\\github\\kaiyuangshe\\test\\kaiyuanshe.github.io",
    "status": "found_in_store"
  },
  "56 debug pnpm:progress": {
    "packageId": "registry.npmjs.org/@types/qs/6.9.7",
    "requester": "F:\\github\\kaiyuangshe\\test\\kaiyuanshe.github.io",
    "status": "resolved"
  },
  "57 debug pnpm:progress": {
    "packageId": "registry.npmjs.org/@types/qs/6.9.7",
    "requester": "F:\\github\\kaiyuangshe\\test\\kaiyuanshe.github.io",
    "status": "found_in_store"
  },
  "58 debug pnpm:progress": {
    "packageId": "registry.npmjs.org/@types/react/17.0.53",
    "requester": "F:\\github\\kaiyuangshe\\test\\kaiyuanshe.github.io",
    "status": "resolved"
  },
  "59 debug pnpm:progress": {
    "packageId": "registry.npmjs.org/@types/react/17.0.53",
    "requester": "F:\\github\\kaiyuangshe\\test\\kaiyuanshe.github.io",
    "status": "found_in_store"
  },
  "60 debug pnpm:progress": {
    "packageId": "registry.npmjs.org/eslint-config-next/12.3.4",
    "requester": "F:\\github\\kaiyuangshe\\test\\kaiyuanshe.github.io",
    "status": "resolved"
  },
  "61 debug pnpm:progress": {
    "packageId": "registry.npmjs.org/eslint-config-next/12.3.4",
    "requester": "F:\\github\\kaiyuangshe\\test\\kaiyuanshe.github.io",
    "status": "found_in_store"
  },
  "62 debug pnpm:progress": {
    "packageId": "registry.npmjs.org/husky/8.0.3",
    "requester": "F:\\github\\kaiyuangshe\\test\\kaiyuanshe.github.io",
    "status": "resolved"
  },
  "63 debug pnpm:progress": {
    "packageId": "registry.npmjs.org/husky/8.0.3",
    "requester": "F:\\github\\kaiyuangshe\\test\\kaiyuanshe.github.io",
    "status": "found_in_store"
  },
  "64 debug pnpm:progress": {
    "packageId": "registry.npmjs.org/less-loader/11.1.0",
    "requester": "F:\\github\\kaiyuangshe\\test\\kaiyuanshe.github.io",
    "status": "resolved"
  },
  "65 debug pnpm:progress": {
    "packageId": "registry.npmjs.org/less-loader/11.1.0",
    "requester": "F:\\github\\kaiyuangshe\\test\\kaiyuanshe.github.io",
    "status": "found_in_store"
  },
  "66 debug pnpm:progress": {
    "packageId": "registry.npmjs.org/eslint/8.33.0",
    "requester": "F:\\github\\kaiyuangshe\\test\\kaiyuanshe.github.io",
    "status": "resolved"
  },
  "67 debug pnpm:progress": {
    "packageId": "registry.npmjs.org/eslint/8.33.0",
    "requester": "F:\\github\\kaiyuangshe\\test\\kaiyuanshe.github.io",
    "status": "found_in_store"
  },
  "68 debug pnpm:progress": {
    "packageId": "registry.npmjs.org/@types/react-dom/17.0.18",
    "requester": "F:\\github\\kaiyuangshe\\test\\kaiyuanshe.github.io",
    "status": "resolved"
  },
  "69 debug pnpm:progress": {
    "packageId": "registry.npmjs.org/@types/react-dom/17.0.18",
    "requester": "F:\\github\\kaiyuangshe\\test\\kaiyuanshe.github.io",
    "status": "found_in_store"
  },
  "70 debug pnpm:progress": {
    "packageId": "registry.npmjs.org/less/4.1.3",
    "requester": "F:\\github\\kaiyuangshe\\test\\kaiyuanshe.github.io",
    "status": "resolved"
  },
  "71 debug pnpm:progress": {
    "packageId": "registry.npmjs.org/less/4.1.3",
    "requester": "F:\\github\\kaiyuangshe\\test\\kaiyuanshe.github.io",
    "status": "found_in_store"
  },
  "72 debug pnpm:progress": {
    "packageId": "registry.npmjs.org/lint-staged/13.1.1",
    "requester": "F:\\github\\kaiyuangshe\\test\\kaiyuanshe.github.io",
    "status": "resolved"
  },
  "73 debug pnpm:progress": {
    "packageId": "registry.npmjs.org/lint-staged/13.1.1",
    "requester": "F:\\github\\kaiyuangshe\\test\\kaiyuanshe.github.io",
    "status": "found_in_store"
  },
  "74 debug pnpm:progress": {
    "packageId": "registry.npmjs.org/prettier/2.8.4",
    "requester": "F:\\github\\kaiyuangshe\\test\\kaiyuanshe.github.io",
    "status": "resolved"
  },
  "75 debug pnpm:progress": {
    "packageId": "registry.npmjs.org/prettier/2.8.4",
    "requester": "F:\\github\\kaiyuangshe\\test\\kaiyuanshe.github.io",
    "status": "found_in_store"
  },
  "76 debug pnpm:progress": {
    "packageId": "registry.npmjs.org/ts-node/10.9.1",
    "requester": "F:\\github\\kaiyuangshe\\test\\kaiyuanshe.github.io",
    "status": "resolved"
  },
  "77 debug pnpm:progress": {
    "packageId": "registry.npmjs.org/ts-node/10.9.1",
    "requester": "F:\\github\\kaiyuangshe\\test\\kaiyuanshe.github.io",
    "status": "found_in_store"
  },
  "78 debug pnpm:progress": {
    "packageId": "registry.npmjs.org/typescript/4.9.5",
    "requester": "F:\\github\\kaiyuangshe\\test\\kaiyuanshe.github.io",
    "status": "resolved"
  },
  "79 debug pnpm:progress": {
    "packageId": "registry.npmjs.org/typescript/4.9.5",
    "requester": "F:\\github\\kaiyuangshe\\test\\kaiyuanshe.github.io",
    "status": "found_in_store"
  },
  "80 debug pnpm:progress": {
    "packageId": "registry.npmjs.org/classnames/2.3.2",
    "requester": "F:\\github\\kaiyuangshe\\test\\kaiyuanshe.github.io",
    "status": "resolved"
  },
  "81 debug pnpm:progress": {
    "packageId": "registry.npmjs.org/classnames/2.3.2",
    "requester": "F:\\github\\kaiyuangshe\\test\\kaiyuanshe.github.io",
    "status": "found_in_store"
  },
  "82 debug pnpm:progress": {
    "packageId": "registry.npmjs.org/@giscus/react/2.2.6",
    "requester": "F:\\github\\kaiyuangshe\\test\\kaiyuanshe.github.io",
    "status": "resolved"
  },
  "83 debug pnpm:progress": {
    "packageId": "registry.npmjs.org/@giscus/react/2.2.6",
    "requester": "F:\\github\\kaiyuangshe\\test\\kaiyuanshe.github.io",
    "status": "found_in_store"
  },
  "84 debug pnpm:progress": {
    "packageId": "registry.npmjs.org/echarts-jsx/0.5.0",
    "requester": "F:\\github\\kaiyuangshe\\test\\kaiyuanshe.github.io",
    "status": "resolved"
  },
  "85 debug pnpm:progress": {
    "packageId": "registry.npmjs.org/echarts-jsx/0.5.0",
    "requester": "F:\\github\\kaiyuangshe\\test\\kaiyuanshe.github.io",
    "status": "found_in_store"
  },
  "86 debug pnpm:progress": {
    "packageId": "registry.npmjs.org/file-type/18.2.0",
    "requester": "F:\\github\\kaiyuangshe\\test\\kaiyuanshe.github.io",
    "status": "resolved"
  },
  "87 debug pnpm:progress": {
    "packageId": "registry.npmjs.org/file-type/18.2.0",
    "requester": "F:\\github\\kaiyuangshe\\test\\kaiyuanshe.github.io",
    "status": "found_in_store"
  },
  "88 debug pnpm:progress": {
    "packageId": "registry.npmjs.org/koajax/0.8.3",
    "requester": "F:\\github\\kaiyuangshe\\test\\kaiyuanshe.github.io",
    "status": "resolved"
  },
  "89 debug pnpm:progress": {
    "packageId": "registry.npmjs.org/koajax/0.8.3",
    "requester": "F:\\github\\kaiyuangshe\\test\\kaiyuanshe.github.io",
    "status": "found_in_store"
  },
  "90 debug pnpm:progress": {
    "packageId": "registry.npmjs.org/idea-react/0.27.11",
    "requester": "F:\\github\\kaiyuangshe\\test\\kaiyuanshe.github.io",
    "status": "resolved"
  },
  "91 debug pnpm:progress": {
    "packageId": "registry.npmjs.org/idea-react/0.27.11",
    "requester": "F:\\github\\kaiyuangshe\\test\\kaiyuanshe.github.io",
    "status": "found_in_store"
  },
  "92 debug pnpm:progress": {
    "packageId": "registry.npmjs.org/leaflet.chinatmsproviders/3.0.6",
    "requester": "F:\\github\\kaiyuangshe\\test\\kaiyuanshe.github.io",
    "status": "resolved"
  },
  "93 debug pnpm:progress": {
    "packageId": "registry.npmjs.org/leaflet.chinatmsproviders/3.0.6",
    "requester": "F:\\github\\kaiyuangshe\\test\\kaiyuanshe.github.io",
    "status": "found_in_store"
  },
  "94 debug pnpm:progress": {
    "packageId": "registry.npmjs.org/marked/4.2.12",
    "requester": "F:\\github\\kaiyuangshe\\test\\kaiyuanshe.github.io",
    "status": "resolved"
  },
  "95 debug pnpm:progress": {
    "packageId": "registry.npmjs.org/marked/4.2.12",
    "requester": "F:\\github\\kaiyuangshe\\test\\kaiyuanshe.github.io",
    "status": "found_in_store"
  },
  "96 debug pnpm:progress": {
    "packageId": "registry.npmjs.org/mobx/5.15.7",
    "requester": "F:\\github\\kaiyuangshe\\test\\kaiyuanshe.github.io",
    "status": "resolved"
  },
  "97 debug pnpm:progress": {
    "packageId": "registry.npmjs.org/mobx/5.15.7",
    "requester": "F:\\github\\kaiyuangshe\\test\\kaiyuanshe.github.io",
    "status": "found_in_store"
  },
  "98 debug pnpm:progress": {
    "packageId": "registry.npmjs.org/leaflet/1.9.3",
    "requester": "F:\\github\\kaiyuangshe\\test\\kaiyuanshe.github.io",
    "status": "resolved"
  },
  "99 debug pnpm:progress": {
    "packageId": "registry.npmjs.org/leaflet/1.9.3",
    "requester": "F:\\github\\kaiyuangshe\\test\\kaiyuanshe.github.io",
    "status": "found_in_store"
  },
  "100 debug pnpm:progress": {
    "packageId": "registry.npmjs.org/mobx-i18n/0.3.14",
    "requester": "F:\\github\\kaiyuangshe\\test\\kaiyuanshe.github.io",
    "status": "resolved"
  },
  "101 debug pnpm:progress": {
    "packageId": "registry.npmjs.org/mobx-i18n/0.3.14",
    "requester": "F:\\github\\kaiyuangshe\\test\\kaiyuanshe.github.io",
    "status": "found_in_store"
  },
  "102 debug pnpm:progress": {
    "packageId": "registry.npmjs.org/mobx-lark/1.0.0-beta.0",
    "requester": "F:\\github\\kaiyuangshe\\test\\kaiyuanshe.github.io",
    "status": "resolved"
  },
  "103 debug pnpm:progress": {
    "packageId": "registry.npmjs.org/mobx-lark/1.0.0-beta.0",
    "requester": "F:\\github\\kaiyuangshe\\test\\kaiyuanshe.github.io",
    "status": "found_in_store"
  },
  "104 debug pnpm:progress": {
    "packageId": "registry.npmjs.org/lodash/4.17.21",
    "requester": "F:\\github\\kaiyuangshe\\test\\kaiyuanshe.github.io",
    "status": "resolved"
  },
  "105 debug pnpm:progress": {
    "packageId": "registry.npmjs.org/lodash/4.17.21",
    "requester": "F:\\github\\kaiyuangshe\\test\\kaiyuanshe.github.io",
    "status": "found_in_store"
  },
  "106 debug pnpm:progress": {
    "packageId": "registry.npmjs.org/mobx-react/6.3.1",
    "requester": "F:\\github\\kaiyuangshe\\test\\kaiyuanshe.github.io",
    "status": "resolved"
  },
  "107 debug pnpm:progress": {
    "packageId": "registry.npmjs.org/mobx-react/6.3.1",
    "requester": "F:\\github\\kaiyuangshe\\test\\kaiyuanshe.github.io",
    "status": "found_in_store"
  },
  "108 debug pnpm:progress": {
    "packageId": "registry.npmjs.org/mobx-restful/0.6.0",
    "requester": "F:\\github\\kaiyuangshe\\test\\kaiyuanshe.github.io",
    "status": "resolved"
  },
  "109 debug pnpm:progress": {
    "packageId": "registry.npmjs.org/mobx-restful/0.6.0",
    "requester": "F:\\github\\kaiyuangshe\\test\\kaiyuanshe.github.io",
    "status": "found_in_store"
  },
  "110 debug pnpm:progress": {
    "packageId": "registry.npmjs.org/next-pwa/5.6.0",
    "requester": "F:\\github\\kaiyuangshe\\test\\kaiyuanshe.github.io",
    "status": "resolved"
  },
  "111 debug pnpm:progress": {
    "packageId": "registry.npmjs.org/next-pwa/5.6.0",
    "requester": "F:\\github\\kaiyuangshe\\test\\kaiyuanshe.github.io",
    "status": "found_in_store"
  },
  "112 debug pnpm:progress": {
    "packageId": "registry.npmjs.org/next-with-less/2.0.5",
    "requester": "F:\\github\\kaiyuangshe\\test\\kaiyuanshe.github.io",
    "status": "resolved"
  },
  "113 debug pnpm:progress": {
    "packageId": "registry.npmjs.org/next-with-less/2.0.5",
    "requester": "F:\\github\\kaiyuangshe\\test\\kaiyuanshe.github.io",
    "status": "found_in_store"
  },
  "114 debug pnpm:progress": {
    "packageId": "registry.npmjs.org/react-dom/17.0.2",
    "requester": "F:\\github\\kaiyuangshe\\test\\kaiyuanshe.github.io",
    "status": "resolved"
  },
  "115 debug pnpm:progress": {
    "packageId": "registry.npmjs.org/react-dom/17.0.2",
    "requester": "F:\\github\\kaiyuangshe\\test\\kaiyuanshe.github.io",
    "status": "found_in_store"
  },
  "116 debug pnpm:progress": {
    "packageId": "registry.npmjs.org/react-bootstrap/2.7.0",
    "requester": "F:\\github\\kaiyuangshe\\test\\kaiyuanshe.github.io",
    "status": "resolved"
  },
  "117 debug pnpm:progress": {
    "packageId": "registry.npmjs.org/react-bootstrap/2.7.0",
    "requester": "F:\\github\\kaiyuangshe\\test\\kaiyuanshe.github.io",
    "status": "found_in_store"
  },
  "118 debug pnpm:progress": {
    "packageId": "registry.npmjs.org/qs/6.11.0",
    "requester": "F:\\github\\kaiyuangshe\\test\\kaiyuanshe.github.io",
    "status": "resolved"
  },
  "119 debug pnpm:progress": {
    "packageId": "registry.npmjs.org/qs/6.11.0",
    "requester": "F:\\github\\kaiyuangshe\\test\\kaiyuanshe.github.io",
    "status": "found_in_store"
  },
  "120 debug pnpm:progress": {
    "packageId": "registry.npmjs.org/react/17.0.2",
    "requester": "F:\\github\\kaiyuangshe\\test\\kaiyuanshe.github.io",
    "status": "resolved"
  },
  "121 debug pnpm:progress": {
    "packageId": "registry.npmjs.org/react/17.0.2",
    "requester": "F:\\github\\kaiyuangshe\\test\\kaiyuanshe.github.io",
    "status": "found_in_store"
  },
  "122 debug pnpm:progress": {
    "packageId": "registry.npmjs.org/react-leaflet/3.2.5",
    "requester": "F:\\github\\kaiyuangshe\\test\\kaiyuanshe.github.io",
    "status": "resolved"
  },
  "123 debug pnpm:progress": {
    "packageId": "registry.npmjs.org/react-leaflet/3.2.5",
    "requester": "F:\\github\\kaiyuangshe\\test\\kaiyuanshe.github.io",
    "status": "found_in_store"
  },
  "124 debug pnpm:progress": {
    "packageId": "registry.npmjs.org/react-editor-js/2.1.0",
    "requester": "F:\\github\\kaiyuangshe\\test\\kaiyuanshe.github.io",
    "status": "resolved"
  },
  "125 debug pnpm:progress": {
    "packageId": "registry.npmjs.org/react-editor-js/2.1.0",
    "requester": "F:\\github\\kaiyuangshe\\test\\kaiyuanshe.github.io",
    "status": "found_in_store"
  },
  "126 debug pnpm:progress": {
    "packageId": "registry.npmjs.org/web-utility/4.0.0",
    "requester": "F:\\github\\kaiyuangshe\\test\\kaiyuanshe.github.io",
    "status": "resolved"
  },
  "127 debug pnpm:progress": {
    "packageId": "registry.npmjs.org/web-utility/4.0.0",
    "requester": "F:\\github\\kaiyuangshe\\test\\kaiyuanshe.github.io",
    "status": "found_in_store"
  },
  "128 debug pnpm:progress": {
    "packageId": "registry.npmjs.org/next/12.3.4",
    "requester": "F:\\github\\kaiyuangshe\\test\\kaiyuanshe.github.io",
    "status": "resolved"
  },
  "129 debug pnpm:progress": {
    "packageId": "registry.npmjs.org/next/12.3.4",
    "requester": "F:\\github\\kaiyuangshe\\test\\kaiyuanshe.github.io",
    "status": "found_in_store"
  },
  "130 debug pnpm:progress": {
    "packageId": "registry.npmjs.org/webpack/5.75.0",
    "requester": "F:\\github\\kaiyuangshe\\test\\kaiyuanshe.github.io",
    "status": "resolved"
  },
  "131 debug pnpm:progress": {
    "packageId": "registry.npmjs.org/webpack/5.75.0",
    "requester": "F:\\github\\kaiyuangshe\\test\\kaiyuanshe.github.io",
    "status": "found_in_store"
  },
  "132 debug pnpm:request-retry": {
    "attempt": 1,
    "error": {
      "code": "ERR_PNPM_FETCH_404",
      "hint": "An authorization header was used: Bearer npm_[hidden]",
      "attempts": 1,
      "request": {
        "url": "https://registry.npmjs.org/mobx-restful-table/-/mobx-restful-table-0.6.1.tgz",
        "authHeaderValue": "Bearer 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"
      },
      "response": {
        "size": 0
      },
      "resource": "https://registry.npmjs.org/mobx-restful-table/-/mobx-restful-table-0.6.1.tgz"
    },
    "maxRetries": 2,
    "method": "GET",
    "timeout": 10000,
    "url": "https://registry.npmjs.org/mobx-restful-table/-/mobx-restful-table-0.6.1.tgz"
  },
  "133 debug pnpm:request-retry": {
    "attempt": 2,
    "error": {
      "code": "ERR_PNPM_FETCH_404",
      "hint": "An authorization header was used: Bearer npm_[hidden]",
      "attempts": 2,
      "request": {
        "url": "https://registry.npmjs.org/mobx-restful-table/-/mobx-restful-table-0.6.1.tgz",
        "authHeaderValue": "Bearer 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"
      },
      "response": {
        "size": 0
      },
      "resource": "https://registry.npmjs.org/mobx-restful-table/-/mobx-restful-table-0.6.1.tgz"
    },
    "maxRetries": 2,
    "method": "GET",
    "timeout": 60000,
    "url": "https://registry.npmjs.org/mobx-restful-table/-/mobx-restful-table-0.6.1.tgz"
  },
  "134 warn pnpm:package-requester": {
    "message": "Fetching registry.npmjs.org/mobx-restful-table/0.6.1 failed!",
    "prefix": "F:\\github\\kaiyuangshe\\test\\kaiyuanshe.github.io"
  },
  "135 error pnpm": {
    "code": "ERR_PNPM_FETCH_404",
    "hint": "An authorization header was used: Bearer npm_[hidden]",
    "attempts": 3,
    "request": {
      "url": "https://registry.npmjs.org/mobx-restful-table/-/mobx-restful-table-0.6.1.tgz",
      "authHeaderValue": "Bearer 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"
    },
    "response": {
      "size": 0
    },
    "resource": "https://registry.npmjs.org/mobx-restful-table/-/mobx-restful-table-0.6.1.tgz",
    "err": {
      "name": "pnpm",
      "message": "GET https://registry.npmjs.org/mobx-restful-table/-/mobx-restful-table-0.6.1.tgz: Not Found - 404",
      "code": "ERR_PNPM_FETCH_404",
      "stack": "pnpm: GET https://registry.npmjs.org/mobx-restful-table/-/mobx-restful-table-0.6.1.tgz: Not Found - 404\n    at fetch (C:\\Users\\Five\\AppData\\Roaming\\npm\\node_modules\\pnpm\\dist\\pnpm.cjs:77622:21)\n    at processTicksAndRejections (node:internal/process/task_queues:96:5)\n    at async RetryOperation._fn (C:\\Users\\Five\\AppData\\Roaming\\npm\\node_modules\\pnpm\\dist\\pnpm.cjs:77591:23)"
    }
  }
}